1563504994060	mozrunner::runner	INFO	Running command: "C:\\Program Files (x86)\\Mozilla Firefox\\firefox.exe" "-marionette" "--headless" "-foreground" "-no-remote" "-profile" "C:\\Users\\Sridaran\\AppData\\Local\\Temp\\5\\rust_mozprofile.E8Bpm8JeMwHQ"
*** You are running in headless mode.
1563505478989	mozrunner::runner	INFO	Running command: "C:\\Program Files (x86)\\Mozilla Firefox\\firefox.exe" "-marionette" "--headless" "-foreground" "-no-remote" "-profile" "C:\\Users\\Sridaran\\AppData\\Local\\Temp\\5\\rust_mozprofile.uX3w7PDjQ3cD"
*** You are running in headless mode.
1563505479434	addons.webextension.screenshots@mozilla.org	WARN	Loading extension 'screenshots@mozilla.org': Reading manifest: Invalid extension permission: mozillaAddons
1563505479439	addons.webextension.screenshots@mozilla.org	WARN	Loading extension 'screenshots@mozilla.org': Reading manifest: Invalid extension permission: telemetry
1563505479440	addons.webextension.screenshots@mozilla.org	WARN	Loading extension 'screenshots@mozilla.org': Reading manifest: Invalid extension permission: resource://pdf.js/
1563505479440	addons.webextension.screenshots@mozilla.org	WARN	Loading extension 'screenshots@mozilla.org': Reading manifest: Invalid extension permission: about:reader*
1563505481398	Marionette	INFO	Listening on port 50372
1563505481772	Marionette	WARN	TLS certificate errors will be ignored for this session
A content process crashed and MOZ_CRASHREPORTER_SHUTDOWN is set, shutting down
[Parent 3712, Gecko_IOThread] WARNING: pipe error: 232: file z:/task_1562356069/build/src/ipc/chromium/src/chrome/common/ipc_channel_win.cc, line 502
1563505750995	mozrunner::runner	INFO	Running command: "C:\\Program Files (x86)\\Mozilla Firefox\\firefox.exe" "-marionette" "--headless" "-foreground" "-no-remote" "-profile" "C:\\Users\\Sridaran\\AppData\\Local\\Temp\\5\\rust_mozprofile.FfnA4dc1G0uL"
*** You are running in headless mode.
1563505751455	addons.webextension.screenshots@mozilla.org	WARN	Loading extension 'screenshots@mozilla.org': Reading manifest: Invalid extension permission: mozillaAddons
1563505751455	addons.webextension.screenshots@mozilla.org	WARN	Loading extension 'screenshots@mozilla.org': Reading manifest: Invalid extension permission: telemetry
1563505751455	addons.webextension.screenshots@mozilla.org	WARN	Loading extension 'screenshots@mozilla.org': Reading manifest: Invalid extension permission: resource://pdf.js/
1563505751455	addons.webextension.screenshots@mozilla.org	WARN	Loading extension 'screenshots@mozilla.org': Reading manifest: Invalid extension permission: about:reader*
1563505753613	Marionette	INFO	Listening on port 50447
[Child 8012, Chrome_ChildThread] WARNING: pipe error: 109: file z:/task_1562356069/build/src/ipc/chromium/src/chrome/common/ipc_channel_win.cc, line 341
1563505753794	Marionette	WARN	TLS certificate errors will be ignored for this session
A content process crashed and MOZ_CRASHREPORTER_SHUTDOWN is set, shutting down
[Parent 8172, Gecko_IOThread] WARNING: pipe error: 232: file z:/task_1562356069/build/src/ipc/chromium/src/chrome/common/ipc_channel_win.cc, line 502
1563506239270	mozrunner::runner	INFO	Running command: "C:\\Program Files (x86)\\Mozilla Firefox\\firefox.exe" "-marionette" "--headless" "-foreground" "-no-remote" "-profile" "C:\\Users\\Sridaran\\AppData\\Local\\Temp\\5\\rust_mozprofile.MO6Hvhhnpfog"
*** You are running in headless mode.
1563506239710	addons.webextension.screenshots@mozilla.org	WARN	Loading extension 'screenshots@mozilla.org': Reading manifest: Invalid extension permission: mozillaAddons
1563506239710	addons.webextension.screenshots@mozilla.org	WARN	Loading extension 'screenshots@mozilla.org': Reading manifest: Invalid extension permission: telemetry
1563506239710	addons.webextension.screenshots@mozilla.org	WARN	Loading extension 'screenshots@mozilla.org': Reading manifest: Invalid extension permission: resource://pdf.js/
1563506239710	addons.webextension.screenshots@mozilla.org	WARN	Loading extension 'screenshots@mozilla.org': Reading manifest: Invalid extension permission: about:reader*
1563506241723	Marionette	INFO	Listening on port 50550
1563506242085	Marionette	WARN	TLS certificate errors will be ignored for this session
A content process crashed and MOZ_CRASHREPORTER_SHUTDOWN is set, shutting down
[Parent 7536, Gecko_IOThread] WARNING: pipe error: 232: file z:/task_1562356069/build/src/ipc/chromium/src/chrome/common/ipc_channel_win.cc, line 502
